2025-10-20 01:33:33,777 | INFO | Pika version 1.3.2 connecting to ('::1', 5672, 0, 0)
2025-10-20 01:33:33,778 | INFO | Socket connected: <socket.socket fd=1652, family=23, type=1, proto=6, laddr=('::1', 64890, 0, 0), raddr=('::1', 5672, 0, 0)>
2025-10-20 01:33:33,778 | INFO | Streaming transport linked up: (<pika.adapters.utils.io_services_utils._AsyncPlaintextTransport object at 0x0000019DD93EF9D0>, _StreamingProtocolShim: <SelectConnection PROTOCOL transport=<pika.adapters.utils.io_services_utils._AsyncPlaintextTransport object at 0x0000019DD93EF9D0> params=<ConnectionParameters host=localhost port=5672 virtual_host=/ ssl=False>>).
2025-10-20 01:33:33,792 | INFO | AMQPConnector - reporting success: <SelectConnection OPEN transport=<pika.adapters.utils.io_services_utils._AsyncPlaintextTransport object at 0x0000019DD93EF9D0> params=<ConnectionParameters host=localhost port=5672 virtual_host=/ ssl=False>>
2025-10-20 01:33:33,792 | INFO | AMQPConnectionWorkflow - reporting success: <SelectConnection OPEN transport=<pika.adapters.utils.io_services_utils._AsyncPlaintextTransport object at 0x0000019DD93EF9D0> params=<ConnectionParameters host=localhost port=5672 virtual_host=/ ssl=False>>
2025-10-20 01:33:33,792 | INFO | Connection workflow succeeded: <SelectConnection OPEN transport=<pika.adapters.utils.io_services_utils._AsyncPlaintextTransport object at 0x0000019DD93EF9D0> params=<ConnectionParameters host=localhost port=5672 virtual_host=/ ssl=False>>
2025-10-20 01:33:33,793 | INFO | Created channel=1
2025-10-20 01:33:41,380 | INFO | [Consumer] Processed V001 in 0.05s 
V001,FOLLOWUP_REQUIRED,2025-10-20 01:33:41
0    V001
Name: VisitID, dtype: object,SUCCESS,0.05s,2025-10-20 01:33:41
2025-10-20 01:33:41,424 | INFO | [Consumer] Processed V002 in 0.04s 
0    V002
Name: VisitID, dtype: object,SUCCESS,0.04s,2025-10-20 01:33:41
2025-10-20 01:33:41,442 | INFO | [Consumer] Processed V003 in 0.02s 
0    V003
Name: VisitID, dtype: object,SUCCESS,0.02s,2025-10-20 01:33:41
2025-10-20 01:33:41,459 | INFO | [Consumer] Processed V004 in 0.02s 
V004,FOLLOWUP_REQUIRED,2025-10-20 01:33:41
0    V004
Name: VisitID, dtype: object,SUCCESS,0.02s,2025-10-20 01:33:41
2025-10-20 01:33:41,475 | INFO | [Consumer] Processed V005 in 0.01s 
0    V005
Name: VisitID, dtype: object,SUCCESS,0.02s,2025-10-20 01:33:41
2025-10-20 01:33:41,491 | INFO | [Consumer] Processed V006 in 0.01s 
0    V006
Name: VisitID, dtype: object,SUCCESS,0.02s,2025-10-20 01:33:41
2025-10-20 04:21:27,920 | INFO | Pika version 1.3.2 connecting to ('::1', 5672, 0, 0)
2025-10-20 04:21:27,920 | INFO | Socket connected: <socket.socket fd=1644, family=23, type=1, proto=6, laddr=('::1', 49560, 0, 0), raddr=('::1', 5672, 0, 0)>
2025-10-20 04:21:27,920 | INFO | Streaming transport linked up: (<pika.adapters.utils.io_services_utils._AsyncPlaintextTransport object at 0x0000019C31D44610>, _StreamingProtocolShim: <SelectConnection PROTOCOL transport=<pika.adapters.utils.io_services_utils._AsyncPlaintextTransport object at 0x0000019C31D44610> params=<ConnectionParameters host=localhost port=5672 virtual_host=/ ssl=False>>).
2025-10-20 04:21:27,936 | INFO | AMQPConnector - reporting success: <SelectConnection OPEN transport=<pika.adapters.utils.io_services_utils._AsyncPlaintextTransport object at 0x0000019C31D44610> params=<ConnectionParameters host=localhost port=5672 virtual_host=/ ssl=False>>
2025-10-20 04:21:27,936 | INFO | AMQPConnectionWorkflow - reporting success: <SelectConnection OPEN transport=<pika.adapters.utils.io_services_utils._AsyncPlaintextTransport object at 0x0000019C31D44610> params=<ConnectionParameters host=localhost port=5672 virtual_host=/ ssl=False>>
2025-10-20 04:21:27,936 | INFO | Connection workflow succeeded: <SelectConnection OPEN transport=<pika.adapters.utils.io_services_utils._AsyncPlaintextTransport object at 0x0000019C31D44610> params=<ConnectionParameters host=localhost port=5672 virtual_host=/ ssl=False>>
2025-10-20 04:21:27,936 | INFO | Created channel=1
2025-10-20 04:21:35,373 | INFO | [Consumer] Processed V001 in 0.02s 
V001,FOLLOWUP_REQUIRED,2025-10-20 04:21:35
0    V001
Name: VisitID, dtype: object,SUCCESS,0.02s,2025-10-20 04:21:35
2025-10-20 04:21:35,514 | INFO | [Consumer] Processed V002 in 0.14s 
0    V002
Name: VisitID, dtype: object,SUCCESS,0.14s,2025-10-20 04:21:35
2025-10-20 04:21:35,529 | INFO | [Consumer] Processed V003 in 0.02s 
0    V003
Name: VisitID, dtype: object,SUCCESS,0.02s,2025-10-20 04:21:35
2025-10-20 04:21:35,548 | INFO | [Consumer] Processed V004 in 0.02s 
V004,FOLLOWUP_REQUIRED,2025-10-20 04:21:35
0    V004
Name: VisitID, dtype: object,SUCCESS,0.02s,2025-10-20 04:21:35
2025-10-20 04:21:35,577 | INFO | [Consumer] Processed V005 in 0.01s 
0    V005
Name: VisitID, dtype: object,SUCCESS,0.01s,2025-10-20 04:21:35
2025-10-20 04:21:35,577 | INFO | [Consumer] Processed V006 in 0.0s 
0    V006
Name: VisitID, dtype: object,SUCCESS,0.03s,2025-10-20 04:21:35
2025-10-20 13:28:16,608 | INFO | Pika version 1.3.2 connecting to ('::1', 5672, 0, 0)
2025-10-20 13:28:16,608 | INFO | Socket connected: <socket.socket fd=1636, family=23, type=1, proto=6, laddr=('::1', 51930, 0, 0), raddr=('::1', 5672, 0, 0)>
2025-10-20 13:28:16,608 | INFO | Streaming transport linked up: (<pika.adapters.utils.io_services_utils._AsyncPlaintextTransport object at 0x000001F2FF04F750>, _StreamingProtocolShim: <SelectConnection PROTOCOL transport=<pika.adapters.utils.io_services_utils._AsyncPlaintextTransport object at 0x000001F2FF04F750> params=<ConnectionParameters host=localhost port=5672 virtual_host=/ ssl=False>>).
2025-10-20 13:28:16,623 | INFO | AMQPConnector - reporting success: <SelectConnection OPEN transport=<pika.adapters.utils.io_services_utils._AsyncPlaintextTransport object at 0x000001F2FF04F750> params=<ConnectionParameters host=localhost port=5672 virtual_host=/ ssl=False>>
2025-10-20 13:28:16,623 | INFO | AMQPConnectionWorkflow - reporting success: <SelectConnection OPEN transport=<pika.adapters.utils.io_services_utils._AsyncPlaintextTransport object at 0x000001F2FF04F750> params=<ConnectionParameters host=localhost port=5672 virtual_host=/ ssl=False>>
2025-10-20 13:28:16,623 | INFO | Connection workflow succeeded: <SelectConnection OPEN transport=<pika.adapters.utils.io_services_utils._AsyncPlaintextTransport object at 0x000001F2FF04F750> params=<ConnectionParameters host=localhost port=5672 virtual_host=/ ssl=False>>
2025-10-20 13:28:16,623 | INFO | Created channel=1
2025-10-20 13:28:28,759 | INFO | [Consumer] Processed V001 in 0.02s 
V001,FOLLOWUP_REQUIRED,2025-10-20 13:28:28
0    V001
Name: VisitID, dtype: object,SUCCESS,0.04s,2025-10-20 13:28:28
2025-10-20 13:28:28,764 | INFO | [Consumer] Processed V002 in 0.0s 
0    V002
Name: VisitID, dtype: object,SUCCESS,0.02s,2025-10-20 13:28:28
2025-10-20 13:28:28,811 | INFO | [Consumer] Processed V003 in 0.03s 
0    V003
Name: VisitID, dtype: object,SUCCESS,0.14s,2025-10-20 13:28:28
2025-10-20 13:28:28,952 | INFO | [Consumer] Processed V004 in 0.03s 
V004,FOLLOWUP_REQUIRED,2025-10-20 13:28:28
0    V004
Name: VisitID, dtype: object,SUCCESS,0.05s,2025-10-20 13:28:28
2025-10-20 13:28:28,983 | INFO | [Consumer] Processed V005 in 0.01s 
0    V005
Name: VisitID, dtype: object,SUCCESS,0.01s,2025-10-20 13:28:28
2025-10-20 13:28:29,035 | INFO | [Consumer] Processed V006 in 0.05s 
0    V006
Name: VisitID, dtype: object,SUCCESS,0.05s,2025-10-20 13:28:29
2025-10-20 14:01:19,026 | INFO | Pika version 1.3.2 connecting to ('::1', 5672, 0, 0)
2025-10-20 14:01:19,027 | INFO | Socket connected: <socket.socket fd=1140, family=23, type=1, proto=6, laddr=('::1', 52169, 0, 0), raddr=('::1', 5672, 0, 0)>
2025-10-20 14:01:19,027 | INFO | Streaming transport linked up: (<pika.adapters.utils.io_services_utils._AsyncPlaintextTransport object at 0x000001EDBCF7FA50>, _StreamingProtocolShim: <SelectConnection PROTOCOL transport=<pika.adapters.utils.io_services_utils._AsyncPlaintextTransport object at 0x000001EDBCF7FA50> params=<ConnectionParameters host=localhost port=5672 virtual_host=/ ssl=False>>).
2025-10-20 14:01:19,031 | INFO | AMQPConnector - reporting success: <SelectConnection OPEN transport=<pika.adapters.utils.io_services_utils._AsyncPlaintextTransport object at 0x000001EDBCF7FA50> params=<ConnectionParameters host=localhost port=5672 virtual_host=/ ssl=False>>
2025-10-20 14:01:19,031 | INFO | AMQPConnectionWorkflow - reporting success: <SelectConnection OPEN transport=<pika.adapters.utils.io_services_utils._AsyncPlaintextTransport object at 0x000001EDBCF7FA50> params=<ConnectionParameters host=localhost port=5672 virtual_host=/ ssl=False>>
2025-10-20 14:01:19,032 | INFO | Connection workflow succeeded: <SelectConnection OPEN transport=<pika.adapters.utils.io_services_utils._AsyncPlaintextTransport object at 0x000001EDBCF7FA50> params=<ConnectionParameters host=localhost port=5672 virtual_host=/ ssl=False>>
2025-10-20 14:01:19,032 | INFO | Created channel=1
2025-10-20 14:01:58,787 | INFO | [Consumer] Processed V001 in 0.03s 
V001,FOLLOWUP_REQUIRED,2025-10-20 14:01:58
0    V001
Name: VisitID, dtype: object,SUCCESS,0.03s,2025-10-20 14:01:58
2025-10-20 14:01:58,883 | INFO | [Consumer] Processed V002 in 0.09s 
0    V002
Name: VisitID, dtype: object,SUCCESS,0.1s,2025-10-20 14:01:58
2025-10-20 14:01:58,904 | INFO | [Consumer] Processed V003 in 0.01s 
0    V003
Name: VisitID, dtype: object,SUCCESS,0.07s,2025-10-20 14:01:58
2025-10-20 14:01:59,194 | INFO | [Consumer] Processed V004 in 0.19s 
V004,FOLLOWUP_REQUIRED,2025-10-20 14:01:59
0    V004
Name: VisitID, dtype: object,SUCCESS,0.26s,2025-10-20 14:01:59
2025-10-20 14:01:59,348 | INFO | [Consumer] Processed V005 in 0.02s 
0    V005
Name: VisitID, dtype: object,SUCCESS,0.02s,2025-10-20 14:01:59
2025-10-20 14:01:59,391 | INFO | [Consumer] Processed V006 in 0.02s 
0    V006
Name: VisitID, dtype: object,SUCCESS,0.02s,2025-10-20 14:01:59
